Determining if the pthread_create exist failed with the following output:
Change Dir: /home/gp/桌面/localization_msf/m_thread/build/CMakeFiles/CMakeTmp

Run Build Command:"/usr/bin/make" "cmTC_5a648/fast"
make[1]: 进入目录“/home/gp/桌面/localization_msf/m_thread/build/CMakeFiles/CMakeTmp”
/usr/bin/make -f CMakeFiles/cmTC_5a648.dir/build.make CMakeFiles/cmTC_5a648.dir/build
make[2]: 进入目录“/home/gp/桌面/localization_msf/m_thread/build/CMakeFiles/CMakeTmp”
Building C object CMakeFiles/cmTC_5a648.dir/CheckSymbolExists.c.o
/usr/bin/cc    -o CMakeFiles/cmTC_5a648.dir/CheckSymbolExists.c.o   -c /home/gp/桌面/localization_msf/m_thread/build/CMakeFiles/CMakeTmp/CheckSymbolExists.c
Linking C executable cmTC_5a648
/usr/bin/cmake -E cmake_link_script CMakeFiles/cmTC_5a648.dir/link.txt --verbose=1
/usr/bin/cc      CMakeFiles/cmTC_5a648.dir/CheckSymbolExists.c.o  -o cmTC_5a648 
CMakeFiles/cmTC_5a648.dir/CheckSymbolExists.c.o：在函数‘main’中：
CheckSymbolExists.c:(.text+0x1b)：对‘pthread_create’未定义的引用
collect2: error: ld returned 1 exit status
CMakeFiles/cmTC_5a648.dir/build.make:97: recipe for target 'cmTC_5a648' failed
make[2]: *** [cmTC_5a648] Error 1
make[2]: 离开目录“/home/gp/桌面/localization_msf/m_thread/build/CMakeFiles/CMakeTmp”
Makefile:126: recipe for target 'cmTC_5a648/fast' failed
make[1]: *** [cmTC_5a648/fast] Error 2
make[1]: 离开目录“/home/gp/桌面/localization_msf/m_thread/build/CMakeFiles/CMakeTmp”

File /home/gp/桌面/localization_msf/m_thread/build/CMakeFiles/CMakeTmp/CheckSymbolExists.c:
/* */
#include <pthread.h>

int main(int argc, char** argv)
{
  (void)argv;
#ifndef pthread_create
  return ((int*)(&pthread_create))[argc];
#else
  (void)argc;
  return 0;
#endif
}

Determining if the function pthread_create exists in the pthreads failed with the following output:
Change Dir: /home/gp/桌面/localization_msf/m_thread/build/CMakeFiles/CMakeTmp

Run Build Command:"/usr/bin/make" "cmTC_fe471/fast"
make[1]: 进入目录“/home/gp/桌面/localization_msf/m_thread/build/CMakeFiles/CMakeTmp”
/usr/bin/make -f CMakeFiles/cmTC_fe471.dir/build.make CMakeFiles/cmTC_fe471.dir/build
make[2]: 进入目录“/home/gp/桌面/localization_msf/m_thread/build/CMakeFiles/CMakeTmp”
Building C object CMakeFiles/cmTC_fe471.dir/CheckFunctionExists.c.o
/usr/bin/cc   -DCHECK_FUNCTION_EXISTS=pthread_create   -o CMakeFiles/cmTC_fe471.dir/CheckFunctionExists.c.o   -c /usr/share/cmake-3.10/Modules/CheckFunctionExists.c
Linking C executable cmTC_fe471
/usr/bin/cmake -E cmake_link_script CMakeFiles/cmTC_fe471.dir/link.txt --verbose=1
/usr/bin/cc  -DCHECK_FUNCTION_EXISTS=pthread_create    CMakeFiles/cmTC_fe471.dir/CheckFunctionExists.c.o  -o cmTC_fe471 -lpthreads 
/usr/bin/ld: 找不到 -lpthreads
collect2: error: ld returned 1 exit status
CMakeFiles/cmTC_fe471.dir/build.make:97: recipe for target 'cmTC_fe471' failed
make[2]: *** [cmTC_fe471] Error 1
make[2]: 离开目录“/home/gp/桌面/localization_msf/m_thread/build/CMakeFiles/CMakeTmp”
Makefile:126: recipe for target 'cmTC_fe471/fast' failed
make[1]: *** [cmTC_fe471/fast] Error 2
make[1]: 离开目录“/home/gp/桌面/localization_msf/m_thread/build/CMakeFiles/CMakeTmp”


